{"numFailedTestSuites":1,"numFailedTests":3,"numPassedTestSuites":14,"numPassedTests":95,"numPendingTestSuites":0,"numPendingTests":0,"numRuntimeErrorTestSuites":0,"numTodoTests":0,"numTotalTestSuites":15,"numTotalTests":98,"openHandles":[],"snapshot":{"added":0,"didUpdate":false,"failure":false,"filesAdded":0,"filesRemoved":0,"filesRemovedList":[],"filesUnmatched":0,"filesUpdated":0,"matched":0,"total":0,"unchecked":0,"uncheckedKeysByFile":[],"unmatched":0,"updated":0},"startTime":1743175783263,"success":false,"testResults":[{"assertionResults":[{"ancestorTitles":["combineOperations"],"duration":105,"failureDetails":[],"failureMessages":[],"fullName":"combineOperations should throw an error if the flow has more than two output operations","invocations":1,"location":null,"numPassingAsserts":1,"retryReasons":[],"status":"passed","title":"should throw an error if the flow has more than two output operations"},{"ancestorTitles":["combineOperations"],"duration":5,"failureDetails":[],"failureMessages":[],"fullName":"combineOperations should combine two output operations into one input operation","invocations":1,"location":null,"numPassingAsserts":5,"retryReasons":[],"status":"passed","title":"should combine two output operations into one input operation"},{"ancestorTitles":["combineOperations"],"duration":3,"failureDetails":[],"failureMessages":[],"fullName":"combineOperations should do nothing if there is only one output operation","invocations":1,"location":null,"numPassingAsserts":1,"retryReasons":[],"status":"passed","title":"should do nothing if there is only one output operation"},{"ancestorTitles":["combineOperations"],"duration":5,"failureDetails":[],"failureMessages":[],"fullName":"combineOperations should do nothing if there are no output operations","invocations":1,"location":null,"numPassingAsserts":1,"retryReasons":[],"status":"passed","title":"should do nothing if there are no output operations"}],"endTime":1743175790996,"message":"","name":"/home/david/Sync/mergechoice/tests/operation/combineOperations.test.ts","startTime":1743175783617,"status":"passed","summary":""},{"assertionResults":[{"ancestorTitles":["importItems"],"duration":53,"failureDetails":[],"failureMessages":[],"fullName":"importItems should throw an error if the items are empty","invocations":1,"location":null,"numPassingAsserts":1,"retryReasons":[],"status":"passed","title":"should throw an error if the items are empty"},{"ancestorTitles":["importItems"],"duration":1,"failureDetails":[],"failureMessages":[],"fullName":"importItems throws an error if the new items have duplicate UIDs","invocations":1,"location":null,"numPassingAsserts":1,"retryReasons":[],"status":"passed","title":"throws an error if the new items have duplicate UIDs"},{"ancestorTitles":["importItems"],"duration":1,"failureDetails":[],"failureMessages":[],"fullName":"importItems should throw an error if the items UIDs are not unique","invocations":1,"location":null,"numPassingAsserts":1,"retryReasons":[],"status":"passed","title":"should throw an error if the items UIDs are not unique"},{"ancestorTitles":["importItems"],"duration":8,"failureDetails":[],"failureMessages":[],"fullName":"importItems increases the item count by the number of items imported","invocations":1,"location":null,"numPassingAsserts":5,"retryReasons":[],"status":"passed","title":"increases the item count by the number of items imported"},{"ancestorTitles":["importItems","should return a flow with the items"],"duration":2,"failureDetails":[],"failureMessages":[],"fullName":"importItems should return a flow with the items should include the items indexed by uid","invocations":1,"location":null,"numPassingAsserts":3,"retryReasons":[],"status":"passed","title":"should include the items indexed by uid"},{"ancestorTitles":["importItems","should return a flow with the items"],"duration":3,"failureDetails":[],"failureMessages":[],"fullName":"importItems should return a flow with the items should include the items in operations","invocations":1,"location":null,"numPassingAsserts":6,"retryReasons":[],"status":"passed","title":"should include the items in operations"},{"ancestorTitles":["importItems","should return a flow with the items"],"duration":2,"failureDetails":[],"failureMessages":[],"fullName":"importItems should return a flow with the items should return the same operation UIDs with the same flow UID","invocations":1,"location":null,"numPassingAsserts":1,"retryReasons":[],"status":"passed","title":"should return the same operation UIDs with the same flow UID"},{"ancestorTitles":["importItems","should return a flow with the items"],"duration":2,"failureDetails":[],"failureMessages":[],"fullName":"importItems should return a flow with the items should return the same inputs with the same flow UID","invocations":1,"location":null,"numPassingAsserts":1,"retryReasons":[],"status":"passed","title":"should return the same inputs with the same flow UID"},{"ancestorTitles":["importItems","should return a flow with the items"],"duration":3,"failureDetails":[],"failureMessages":[],"fullName":"importItems should return a flow with the items should return the same outputs with the same flow UID","invocations":1,"location":null,"numPassingAsserts":1,"retryReasons":[],"status":"passed","title":"should return the same outputs with the same flow UID"},{"ancestorTitles":["importItems","should return a flow with the items"],"duration":2,"failureDetails":[],"failureMessages":[],"fullName":"importItems should return a flow with the items should return the same number of operations with a different flow UID","invocations":1,"location":null,"numPassingAsserts":1,"retryReasons":[],"status":"passed","title":"should return the same number of operations with a different flow UID"},{"ancestorTitles":["importItems","should return a flow with the items"],"duration":1,"failureDetails":[],"failureMessages":[],"fullName":"importItems should return a flow with the items should return different operation UIDs with a different flow UID","invocations":1,"location":null,"numPassingAsserts":1,"retryReasons":[],"status":"passed","title":"should return different operation UIDs with a different flow UID"},{"ancestorTitles":["importItems","should return a flow with the items"],"duration":12,"failureDetails":[],"failureMessages":[],"fullName":"importItems should return a flow with the items should have different inputs with a different flow UID","invocations":1,"location":null,"numPassingAsserts":1,"retryReasons":[],"status":"passed","title":"should have different inputs with a different flow UID"},{"ancestorTitles":["importItems","should return a flow with the items"],"duration":2,"failureDetails":[],"failureMessages":[],"fullName":"importItems should return a flow with the items should different outputs with a different flow UID","invocations":1,"location":null,"numPassingAsserts":1,"retryReasons":[],"status":"passed","title":"should different outputs with a different flow UID"},{"ancestorTitles":["importItems","should return a flow with the items"],"duration":1,"failureDetails":[],"failureMessages":[],"fullName":"importItems should return a flow with the items should index operations by uid","invocations":1,"location":null,"numPassingAsserts":1,"retryReasons":[],"status":"passed","title":"should index operations by uid"},{"ancestorTitles":["importItems","should return a flow with the items"],"duration":1,"failureDetails":[],"failureMessages":[],"fullName":"importItems should return a flow with the items should give operations unique UIDs distinct from item UIDs","invocations":1,"location":null,"numPassingAsserts":2,"retryReasons":[],"status":"passed","title":"should give operations unique UIDs distinct from item UIDs"},{"ancestorTitles":["importItems","should return a flow with the items"],"duration":1,"failureDetails":[],"failureMessages":[],"fullName":"importItems should return a flow with the items should include each item only once in the operations","invocations":1,"location":null,"numPassingAsserts":1,"retryReasons":[],"status":"passed","title":"should include each item only once in the operations"},{"ancestorTitles":["importItems","should return a flow with the items"],"duration":3,"failureDetails":[],"failureMessages":[],"fullName":"importItems should return a flow with the items should create as many input operations as possible, with at most one output operation","invocations":1,"location":null,"numPassingAsserts":3,"retryReasons":[],"status":"passed","title":"should create as many input operations as possible, with at most one output operation"},{"ancestorTitles":["importItems","should return a flow with the items"],"duration":4,"failureDetails":[],"failureMessages":[],"fullName":"importItems should return a flow with the items should add an import episode to the history","invocations":1,"location":null,"numPassingAsserts":7,"retryReasons":[],"status":"passed","title":"should add an import episode to the history"},{"ancestorTitles":["importItems","should return a flow with the items","if only one item is imported"],"duration":1,"failureDetails":[],"failureMessages":[],"fullName":"importItems should return a flow with the items if only one item is imported should not include an operation with two new items in the inputs","invocations":1,"location":null,"numPassingAsserts":1,"retryReasons":[],"status":"passed","title":"should not include an operation with two new items in the inputs"},{"ancestorTitles":["importItems","should return a flow with the items","if only one item is imported"],"duration":1,"failureDetails":[],"failureMessages":[],"fullName":"importItems should return a flow with the items if only one item is imported should create an output operation with the new item","invocations":1,"location":null,"numPassingAsserts":1,"retryReasons":[],"status":"passed","title":"should create an output operation with the new item"},{"ancestorTitles":["importItems","should return a flow with the items","if at least two items are imported"],"duration":1,"failureDetails":[],"failureMessages":[],"fullName":"importItems should return a flow with the items if at least two items are imported should include an operation with only two of the new items in the inputs","invocations":1,"location":null,"numPassingAsserts":1,"retryReasons":[],"status":"passed","title":"should include an operation with only two of the new items in the inputs"},{"ancestorTitles":["importItems","should return a flow with the items","if only two items are imported"],"duration":1,"failureDetails":[],"failureMessages":[],"fullName":"importItems should return a flow with the items if only two items are imported should create only one operation","invocations":1,"location":null,"numPassingAsserts":1,"retryReasons":[],"status":"passed","title":"should create only one operation"},{"ancestorTitles":["importItems","should return a flow with the items","if only two items are imported"],"duration":1,"failureDetails":[],"failureMessages":[],"fullName":"importItems should return a flow with the items if only two items are imported should create an input operation with the two new items","invocations":1,"location":null,"numPassingAsserts":1,"retryReasons":[],"status":"passed","title":"should create an input operation with the two new items"},{"ancestorTitles":["importItems","should return a flow with the items","if an even number of items are imported"],"duration":1,"failureDetails":[],"failureMessages":[],"fullName":"importItems should return a flow with the items if an even number of items are imported should not include an operation no inputs and a new item in the output","invocations":1,"location":null,"numPassingAsserts":1,"retryReasons":[],"status":"passed","title":"should not include an operation no inputs and a new item in the output"},{"ancestorTitles":["importItems","should return a flow with the items","if an even number of items are imported"],"duration":2,"failureDetails":[],"failureMessages":[],"fullName":"importItems should return a flow with the items if an even number of items are imported should create half as many operations as there are items","invocations":1,"location":null,"numPassingAsserts":1,"retryReasons":[],"status":"passed","title":"should create half as many operations as there are items"},{"ancestorTitles":["importItems","should return a flow with the items","if an odd number of items are imported"],"duration":1,"failureDetails":[],"failureMessages":[],"fullName":"importItems should return a flow with the items if an odd number of items are imported should include an operation no inputs and only one of the new items in the output","invocations":1,"location":null,"numPassingAsserts":1,"retryReasons":[],"status":"passed","title":"should include an operation no inputs and only one of the new items in the output"}],"endTime":1743175791358,"message":"","name":"/home/david/Sync/mergechoice/tests/item/importItems.test.ts","startTime":1743175791071,"status":"passed","summary":""},{"assertionResults":[{"ancestorTitles":["createFlow"],"duration":3,"failureDetails":[],"failureMessages":[],"fullName":"createFlow should require a uid and return an object with a uid, 0 item and operation counts, and empty history, items, and operations","invocations":1,"location":null,"numPassingAsserts":11,"retryReasons":[],"status":"passed","title":"should require a uid and return an object with a uid, 0 item and operation counts, and empty history, items, and operations"},{"ancestorTitles":["createFlow"],"duration":10,"failureDetails":[],"failureMessages":[],"fullName":"createFlow should throw an error if no uid is supplied","invocations":1,"location":null,"numPassingAsserts":1,"retryReasons":[],"status":"passed","title":"should throw an error if no uid is supplied"}],"endTime":1743175791604,"message":"","name":"/home/david/Sync/mergechoice/tests/flow/createFlow.test.ts","startTime":1743175791417,"status":"passed","summary":""},{"assertionResults":[{"ancestorTitles":["if one item is imported"],"duration":4,"failureDetails":[],"failureMessages":[],"fullName":"if one item is imported should have one item","invocations":1,"location":null,"numPassingAsserts":1,"retryReasons":[],"status":"passed","title":"should have one item"},{"ancestorTitles":["if one item is imported"],"duration":1,"failureDetails":[],"failureMessages":[],"fullName":"if one item is imported should have one output operation","invocations":1,"location":null,"numPassingAsserts":4,"retryReasons":[],"status":"passed","title":"should have one output operation"},{"ancestorTitles":["if one item is imported"],"duration":0,"failureDetails":[],"failureMessages":[],"fullName":"if one item is imported should have no choice","invocations":1,"location":null,"numPassingAsserts":1,"retryReasons":[],"status":"passed","title":"should have no choice"},{"ancestorTitles":["if one item is imported"],"duration":1,"failureDetails":[],"failureMessages":[],"fullName":"if one item is imported should be complete","invocations":1,"location":null,"numPassingAsserts":1,"retryReasons":[],"status":"passed","title":"should be complete"}],"endTime":1743175791994,"message":"","name":"/home/david/Sync/mergechoice/tests/e2e/1.test.ts","startTime":1743175791668,"status":"passed","summary":""},{"assertionResults":[{"ancestorTitles":["addOperation"],"duration":32,"failureDetails":[],"failureMessages":[],"fullName":"addOperation should return a new flow with the operation added and an incremented operation count","invocations":1,"location":null,"numPassingAsserts":4,"retryReasons":[],"status":"passed","title":"should return a new flow with the operation added and an incremented operation count"},{"ancestorTitles":["addOperation"],"duration":53,"failureDetails":[],"failureMessages":[],"fullName":"addOperation should throw an error if the operation is not provided","invocations":1,"location":null,"numPassingAsserts":1,"retryReasons":[],"status":"passed","title":"should throw an error if the operation is not provided"},{"ancestorTitles":["addOperation"],"duration":5,"failureDetails":[],"failureMessages":[],"fullName":"addOperation should throw an error if the flow is not provided","invocations":1,"location":null,"numPassingAsserts":1,"retryReasons":[],"status":"passed","title":"should throw an error if the flow is not provided"},{"ancestorTitles":["addOperation"],"duration":3,"failureDetails":[],"failureMessages":[],"fullName":"addOperation should throw an error if the operation UID is duplicate","invocations":1,"location":null,"numPassingAsserts":1,"retryReasons":[],"status":"passed","title":"should throw an error if the operation UID is duplicate"}],"endTime":1743175792450,"message":"","name":"/home/david/Sync/mergechoice/tests/operation/addOperation.test.ts","startTime":1743175792133,"status":"passed","summary":""},{"assertionResults":[{"ancestorTitles":["getChoice","if the flow has no items"],"duration":12,"failureDetails":[],"failureMessages":[],"fullName":"getChoice if the flow has no items should return undefined","invocations":1,"location":null,"numPassingAsserts":1,"retryReasons":[],"status":"passed","title":"should return undefined"},{"ancestorTitles":["getChoice","if an empty flow imports at least two new items"],"duration":4,"failureDetails":[],"failureMessages":[],"fullName":"getChoice if an empty flow imports at least two new items should return a choice","invocations":1,"location":null,"numPassingAsserts":1,"retryReasons":[],"status":"passed","title":"should return a choice"},{"ancestorTitles":["getChoice","if an empty flow imports at least two new items"],"duration":2,"failureDetails":[],"failureMessages":[],"fullName":"getChoice if an empty flow imports at least two new items should return a choice whose a and b are new item UIDs","invocations":1,"location":null,"numPassingAsserts":2,"retryReasons":[],"status":"passed","title":"should return a choice whose a and b are new item UIDs"},{"ancestorTitles":["getChoice","if an empty flow imports at least two new items"],"duration":2,"failureDetails":[],"failureMessages":[],"fullName":"getChoice if an empty flow imports at least two new items should return the ID of an operation whose aInput contains the aItem and bInput contains the bItem","invocations":1,"location":null,"numPassingAsserts":2,"retryReasons":[],"status":"passed","title":"should return the ID of an operation whose aInput contains the aItem and bInput contains the bItem"},{"ancestorTitles":["getChoice","if an empty flow imports at least two new items","if there are three new items"],"duration":2,"failureDetails":[],"failureMessages":[],"fullName":"getChoice if an empty flow imports at least two new items if there are three new items should return the operation with the single longest input","invocations":1,"location":null,"numPassingAsserts":2,"retryReasons":[],"status":"passed","title":"should return the operation with the single longest input"},{"ancestorTitles":["getChoice","if an empty flow imports at least two new items","if there are five new items"],"duration":4,"failureDetails":[],"failureMessages":[],"fullName":"getChoice if an empty flow imports at least two new items if there are five new items should return a choice from the operation with the highest uid among the tied longest input operations","invocations":1,"location":null,"numPassingAsserts":2,"retryReasons":[],"status":"passed","title":"should return a choice from the operation with the highest uid among the tied longest input operations"}],"endTime":1743175792348,"message":"","name":"/home/david/Sync/mergechoice/tests/choice/getChoice.test.ts","startTime":1743175783633,"status":"passed","summary":""},{"assertionResults":[{"ancestorTitles":["index"],"duration":28,"failureDetails":[],"failureMessages":[],"fullName":"index should export the Choice type and schema","invocations":1,"location":null,"numPassingAsserts":4,"retryReasons":[],"status":"passed","title":"should export the Choice type and schema"},{"ancestorTitles":["index"],"duration":19,"failureDetails":[],"failureMessages":[],"fullName":"index should export the Episode type and schema","invocations":1,"location":null,"numPassingAsserts":2,"retryReasons":[],"status":"passed","title":"should export the Episode type and schema"},{"ancestorTitles":["index"],"duration":31,"failureDetails":[],"failureMessages":[],"fullName":"index should export the Flow type and schema","invocations":1,"location":null,"numPassingAsserts":4,"retryReasons":[],"status":"passed","title":"should export the Flow type and schema"},{"ancestorTitles":["index"],"duration":14,"failureDetails":[],"failureMessages":[],"fullName":"index should export the Item type and schema","invocations":1,"location":null,"numPassingAsserts":5,"retryReasons":[],"status":"passed","title":"should export the Item type and schema"},{"ancestorTitles":["index"],"duration":5,"failureDetails":[],"failureMessages":[],"fullName":"index should export the RankingItem type and schema","invocations":1,"location":null,"numPassingAsserts":2,"retryReasons":[],"status":"passed","title":"should export the RankingItem type and schema"},{"ancestorTitles":["index"],"duration":3,"failureDetails":[],"failureMessages":[],"fullName":"index should export the Operation type and schema","invocations":1,"location":null,"numPassingAsserts":2,"retryReasons":[],"status":"passed","title":"should export the Operation type and schema"},{"ancestorTitles":["index"],"duration":4,"failureDetails":[],"failureMessages":[],"fullName":"index should export the OperationDef type and schema","invocations":1,"location":null,"numPassingAsserts":1,"retryReasons":[],"status":"passed","title":"should export the OperationDef type and schema"},{"ancestorTitles":["index"],"duration":1,"failureDetails":[],"failureMessages":[],"fullName":"index should export the Uid type and schema","invocations":1,"location":null,"numPassingAsserts":4,"retryReasons":[],"status":"passed","title":"should export the Uid type and schema"}],"endTime":1743175792895,"message":"","name":"/home/david/Sync/mergechoice/tests/index.test.ts","startTime":1743175792576,"status":"passed","summary":""},{"assertionResults":[{"ancestorTitles":["if zero items are imported"],"duration":2,"failureDetails":[],"failureMessages":[],"fullName":"if zero items are imported should have no items","invocations":1,"location":null,"numPassingAsserts":1,"retryReasons":[],"status":"passed","title":"should have no items"},{"ancestorTitles":["if zero items are imported"],"duration":1,"failureDetails":[],"failureMessages":[],"fullName":"if zero items are imported should have no operations","invocations":1,"location":null,"numPassingAsserts":1,"retryReasons":[],"status":"passed","title":"should have no operations"},{"ancestorTitles":["if zero items are imported"],"duration":1,"failureDetails":[],"failureMessages":[],"fullName":"if zero items are imported should have no choice","invocations":1,"location":null,"numPassingAsserts":1,"retryReasons":[],"status":"passed","title":"should have no choice"},{"ancestorTitles":["if zero items are imported"],"duration":1,"failureDetails":[],"failureMessages":[],"fullName":"if zero items are imported should be complete","invocations":1,"location":null,"numPassingAsserts":1,"retryReasons":[],"status":"passed","title":"should be complete"}],"endTime":1743175792956,"message":"","name":"/home/david/Sync/mergechoice/tests/e2e/0.test.ts","startTime":1743175792812,"status":"passed","summary":""},{"assertionResults":[{"ancestorTitles":["createUid"],"duration":2,"failureDetails":[],"failureMessages":[],"fullName":"createUid should create a UID","invocations":1,"location":null,"numPassingAsserts":2,"retryReasons":[],"status":"passed","title":"should create a UID"},{"ancestorTitles":["createUid"],"duration":3,"failureDetails":[],"failureMessages":[],"fullName":"createUid should create a predictable UID based on the input UID and count","invocations":1,"location":null,"numPassingAsserts":4,"retryReasons":[],"status":"passed","title":"should create a predictable UID based on the input UID and count"}],"endTime":1743175793182,"message":"","name":"/home/david/Sync/mergechoice/tests/uuid/createUid.test.ts","startTime":1743175793103,"status":"passed","summary":""},{"assertionResults":[{"ancestorTitles":["shuffleArray"],"duration":2,"failureDetails":[],"failureMessages":[],"fullName":"shuffleArray accepts an array of an type of matching elements","invocations":1,"location":null,"numPassingAsserts":3,"retryReasons":[],"status":"passed","title":"accepts an array of an type of matching elements"},{"ancestorTitles":["shuffleArray"],"duration":2,"failureDetails":[],"failureMessages":[],"fullName":"shuffleArray should create a predictable shuffle based on the flow UID and count","invocations":1,"location":null,"numPassingAsserts":4,"retryReasons":[],"status":"passed","title":"should create a predictable shuffle based on the flow UID and count"}],"endTime":1743175793217,"message":"","name":"/home/david/Sync/mergechoice/tests/shuffle/shuffleArray.test.ts","startTime":1743175792993,"status":"passed","summary":""},{"assertionResults":[{"ancestorTitles":["isFlowComplete"],"duration":12,"failureDetails":[],"failureMessages":[],"fullName":"isFlowComplete should consider flows with no items complete ","invocations":1,"location":null,"numPassingAsserts":1,"retryReasons":[],"status":"passed","title":"should consider flows with no items complete "},{"ancestorTitles":["isFlowComplete"],"duration":3,"failureDetails":[],"failureMessages":[],"fullName":"isFlowComplete should return false if there are multiple operations","invocations":1,"location":null,"numPassingAsserts":1,"retryReasons":[],"status":"passed","title":"should return false if there are multiple operations"},{"ancestorTitles":["isFlowComplete"],"duration":1,"failureDetails":[],"failureMessages":[],"fullName":"isFlowComplete should return false if there are no output operations","invocations":1,"location":null,"numPassingAsserts":1,"retryReasons":[],"status":"passed","title":"should return false if there are no output operations"},{"ancestorTitles":["isFlowComplete"],"duration":2,"failureDetails":[],"failureMessages":[],"fullName":"isFlowComplete should return true if there is only one operation and it is an output operation","invocations":1,"location":null,"numPassingAsserts":1,"retryReasons":[],"status":"passed","title":"should return true if there is only one operation and it is an output operation"}],"endTime":1743175793723,"message":"","name":"/home/david/Sync/mergechoice/tests/flow/isFlowComplete.test.ts","startTime":1743175783578,"status":"passed","summary":""},{"assertionResults":[{"ancestorTitles":["createOperation","if it is an input operation"],"duration":13,"failureDetails":[],"failureMessages":[],"fullName":"createOperation if it is an input operation should create an operation with ab true, ascend true, better 0, and worse equal to the length of b minus 1","invocations":1,"location":null,"numPassingAsserts":4,"retryReasons":[],"status":"passed","title":"should create an operation with ab true, ascend true, better 0, and worse equal to the length of b minus 1"},{"ancestorTitles":["createOperation"],"duration":29,"failureDetails":[],"failureMessages":[],"fullName":"createOperation should throw an error if the operation is empty","invocations":1,"location":null,"numPassingAsserts":1,"retryReasons":[],"status":"passed","title":"should throw an error if the operation is empty"},{"ancestorTitles":["createOperation"],"duration":1,"failureDetails":[],"failureMessages":[],"fullName":"createOperation should throw an error if the operation has a duplicate UID","invocations":1,"location":null,"numPassingAsserts":1,"retryReasons":[],"status":"passed","title":"should throw an error if the operation has a duplicate UID"},{"ancestorTitles":["createOperation"],"duration":3,"failureDetails":[],"failureMessages":[],"fullName":"createOperation should throw an error if the operation has an a input but no b input","invocations":1,"location":null,"numPassingAsserts":1,"retryReasons":[],"status":"passed","title":"should throw an error if the operation has an a input but no b input"},{"ancestorTitles":["createOperation"],"duration":3,"failureDetails":[],"failureMessages":[],"fullName":"createOperation should throw an error if the operation has a b input but no a input","invocations":1,"location":null,"numPassingAsserts":1,"retryReasons":[],"status":"passed","title":"should throw an error if the operation has a b input but no a input"},{"ancestorTitles":["createOperation","if it is an output operation"],"duration":2,"failureDetails":[],"failureMessages":[],"fullName":"createOperation if it is an output operation should create an operation with ab true, ascend true, better 0, and worse 0","invocations":1,"location":null,"numPassingAsserts":4,"retryReasons":[],"status":"passed","title":"should create an operation with ab true, ascend true, better 0, and worse 0"},{"ancestorTitles":["createOperation"],"duration":4,"failureDetails":[],"failureMessages":[],"fullName":"createOperation should require an operation def","invocations":1,"location":null,"numPassingAsserts":4,"retryReasons":[],"status":"passed","title":"should require an operation def"},{"ancestorTitles":["createOperation"],"duration":3,"failureDetails":[],"failureMessages":[],"fullName":"createOperation should create an operation with specified inputs","invocations":1,"location":null,"numPassingAsserts":5,"retryReasons":[],"status":"passed","title":"should create an operation with specified inputs"},{"ancestorTitles":["createOperation"],"duration":2,"failureDetails":[],"failureMessages":[],"fullName":"createOperation should create an operation with specified output","invocations":1,"location":null,"numPassingAsserts":4,"retryReasons":[],"status":"passed","title":"should create an operation with specified output"},{"ancestorTitles":["createOperation"],"duration":3,"failureDetails":[],"failureMessages":[],"fullName":"createOperation should have a predictably random UID based on the flow UID and the current operation count","invocations":1,"location":null,"numPassingAsserts":5,"retryReasons":[],"status":"passed","title":"should have a predictably random UID based on the flow UID and the current operation count"}],"endTime":1743175793729,"message":"","name":"/home/david/Sync/mergechoice/tests/operation/createOperation.test.ts","startTime":1743175783656,"status":"passed","summary":""},{"assertionResults":[{"ancestorTitles":["chooseOption"],"duration":137,"failureDetails":[],"failureMessages":[],"fullName":"chooseOption should take a flow and an option and return a new flow","invocations":1,"location":null,"numPassingAsserts":2,"retryReasons":[],"status":"passed","title":"should take a flow and an option and return a new flow"},{"ancestorTitles":["chooseOption"],"duration":122,"failureDetails":[],"failureMessages":[],"fullName":"chooseOption should throw an error if the flow has no choice","invocations":1,"location":null,"numPassingAsserts":1,"retryReasons":[],"status":"passed","title":"should throw an error if the flow has no choice"},{"ancestorTitles":["chooseOption"],"duration":28,"failureDetails":[],"failureMessages":[],"fullName":"chooseOption should throw an error if the option is not the a UID or b UID","invocations":1,"location":null,"numPassingAsserts":1,"retryReasons":[],"status":"passed","title":"should throw an error if the option is not the a UID or b UID"},{"ancestorTitles":["chooseOption","if the operation has only one a and b"],"duration":7,"failureDetails":[],"failureMessages":[],"fullName":"chooseOption if the operation has only one a and b should move them both to the output with the selected option last","invocations":1,"location":null,"numPassingAsserts":2,"retryReasons":[],"status":"passed","title":"should move them both to the output with the selected option last"},{"ancestorTitles":["chooseOption","if two items are imported to an empty flow"],"duration":25,"failureDetails":[],"failureMessages":[],"fullName":"chooseOption if two items are imported to an empty flow should create a complete flow","invocations":1,"location":null,"numPassingAsserts":2,"retryReasons":[],"status":"passed","title":"should create a complete flow"},{"ancestorTitles":["chooseOption","if three items are imported to an empty flow"],"duration":15,"failureDetails":[],"failureMessages":[],"fullName":"chooseOption if three items are imported to an empty flow should create an incomplete flow after combining operations","invocations":1,"location":null,"numPassingAsserts":2,"retryReasons":[],"status":"passed","title":"should create an incomplete flow after combining operations"}],"endTime":1743175793750,"message":"","name":"/home/david/Sync/mergechoice/tests/option/chooseOption.test.ts","startTime":1743175783618,"status":"passed","summary":""},{"assertionResults":[{"ancestorTitles":["if two items are imported"],"duration":22,"failureDetails":[],"failureMessages":[],"fullName":"if two items are imported should have two items","invocations":1,"location":null,"numPassingAsserts":1,"retryReasons":[],"status":"passed","title":"should have two items"},{"ancestorTitles":["if two items are imported"],"duration":3,"failureDetails":[],"failureMessages":[],"fullName":"if two items are imported should have one input operation","invocations":1,"location":null,"numPassingAsserts":4,"retryReasons":[],"status":"passed","title":"should have one input operation"},{"ancestorTitles":["if two items are imported"],"duration":5,"failureDetails":[],"failureMessages":[],"fullName":"if two items are imported should have a choice","invocations":1,"location":null,"numPassingAsserts":1,"retryReasons":[],"status":"passed","title":"should have a choice"},{"ancestorTitles":["if two items are imported"],"duration":2,"failureDetails":[],"failureMessages":[],"fullName":"if two items are imported should not be complete","invocations":1,"location":null,"numPassingAsserts":1,"retryReasons":[],"status":"passed","title":"should not be complete"},{"ancestorTitles":["if two items are imported","if a is chosen"],"duration":4,"failureDetails":[],"failureMessages":[],"fullName":"if two items are imported if a is chosen should have one output operation","invocations":1,"location":null,"numPassingAsserts":5,"retryReasons":[],"status":"passed","title":"should have one output operation"},{"ancestorTitles":["if two items are imported","if a is chosen"],"duration":1,"failureDetails":[],"failureMessages":[],"fullName":"if two items are imported if a is chosen should be complete","invocations":1,"location":null,"numPassingAsserts":2,"retryReasons":[],"status":"passed","title":"should be complete"}],"endTime":1743175793856,"message":"","name":"/home/david/Sync/mergechoice/tests/e2e/2.test.ts","startTime":1743175783617,"status":"passed","summary":""},{"assertionResults":[{"ancestorTitles":["getRanking"],"duration":25,"failureDetails":[],"failureMessages":[],"fullName":"getRanking should throw an error if an operation item UID is missing from the items","invocations":1,"location":null,"numPassingAsserts":1,"retryReasons":[],"status":"passed","title":"should throw an error if an operation item UID is missing from the items"},{"ancestorTitles":["getRanking"],"duration":2,"failureDetails":[],"failureMessages":[],"fullName":"getRanking should throw an error if an item UID is missing from the operations","invocations":1,"location":null,"numPassingAsserts":1,"retryReasons":[],"status":"passed","title":"should throw an error if an item UID is missing from the operations"},{"ancestorTitles":["getRanking"],"duration":3,"failureDetails":[{"matcherResult":{"message":"expect(received).toThrow(expected)\n\nExpected substring: \"Duplicate item UIDs: b, c\"\n\nReceived function did not throw","pass":false}}],"failureMessages":["Error: expect(received).toThrow(expected)\n\nExpected substring: \"Duplicate item UIDs: b, c\"\n\nReceived function did not throw\n    at Object.<anonymous> (/home/david/Sync/mergechoice/tests/ranking/getRanking.test.ts:64:52)\n    at Promise.then.completed (/home/david/Sync/mergechoice/node_modules/jest-circus/build/utils.js:298:28)\n    at new Promise (<anonymous>)\n    at callAsyncCircusFn (/home/david/Sync/mergechoice/node_modules/jest-circus/build/utils.js:231:10)\n    at _callCircusTest (/home/david/Sync/mergechoice/node_modules/jest-circus/build/run.js:316:40)\n    at processTicksAndRejections (node:internal/process/task_queues:105:5)\n    at _runTest (/home/david/Sync/mergechoice/node_modules/jest-circus/build/run.js:252:3)\n    at _runTestsForDescribeBlock (/home/david/Sync/mergechoice/node_modules/jest-circus/build/run.js:126:9)\n    at _runTestsForDescribeBlock (/home/david/Sync/mergechoice/node_modules/jest-circus/build/run.js:121:9)\n    at run (/home/david/Sync/mergechoice/node_modules/jest-circus/build/run.js:71:3)\n    at runAndTransformResultsToJestFormat (/home/david/Sync/mergechoice/node_modules/jest-circus/build/legacy-code-todo-rewrite/jestAdapterInit.js:122:21)\n    at jestAdapter (/home/david/Sync/mergechoice/node_modules/jest-circus/build/legacy-code-todo-rewrite/jestAdapter.js:79:19)\n    at runTestInternal (/home/david/Sync/mergechoice/node_modules/jest-runner/build/runTest.js:367:16)\n    at runTest (/home/david/Sync/mergechoice/node_modules/jest-runner/build/runTest.js:444:34)\n    at Object.worker (/home/david/Sync/mergechoice/node_modules/jest-runner/build/testWorker.js:106:12)"],"fullName":"getRanking should throw an error if a UID is duplicated in the operations","invocations":1,"location":null,"numPassingAsserts":0,"retryReasons":[],"status":"failed","title":"should throw an error if a UID is duplicated in the operations"},{"ancestorTitles":["getRanking"],"duration":1,"failureDetails":[],"failureMessages":[],"fullName":"getRanking should return an empty array if the flow is empty","invocations":1,"location":null,"numPassingAsserts":1,"retryReasons":[],"status":"passed","title":"should return an empty array if the flow is empty"},{"ancestorTitles":["getRanking"],"duration":4,"failureDetails":[],"failureMessages":[],"fullName":"getRanking should return an array of ranking items","invocations":1,"location":null,"numPassingAsserts":4,"retryReasons":[],"status":"passed","title":"should return an array of ranking items"},{"ancestorTitles":["getRanking"],"duration":2,"failureDetails":[],"failureMessages":[],"fullName":"getRanking should give every item 0 points and rank 1 when no choices have been made","invocations":1,"location":null,"numPassingAsserts":6,"retryReasons":[],"status":"passed","title":"should give every item 0 points and rank 1 when no choices have been made"},{"ancestorTitles":["getRanking"],"duration":1,"failureDetails":[],"failureMessages":[],"fullName":"getRanking should give output items points equal to the number of preceeding output items","invocations":1,"location":null,"numPassingAsserts":4,"retryReasons":[],"status":"passed","title":"should give output items points equal to the number of preceeding output items"},{"ancestorTitles":["getRanking"],"duration":2,"failureDetails":[],"failureMessages":[],"fullName":"getRanking should give input items points equal to the number of preceeding items in their input plus the number of output items","invocations":1,"location":null,"numPassingAsserts":14,"retryReasons":[],"status":"passed","title":"should give input items points equal to the number of preceeding items in their input plus the number of output items"},{"ancestorTitles":["getRanking"],"duration":2,"failureDetails":[{"matcherResult":{"actual":1,"expected":2,"message":"expect(received).toBe(expected) // Object.is equality\n\nExpected: 2\nReceived: 1","name":"toBe","pass":false}}],"failureMessages":["Error: expect(received).toBe(expected) // Object.is equality\n\nExpected: 2\nReceived: 1\n    at Object.<anonymous> (/home/david/Sync/mergechoice/tests/ranking/getRanking.test.ts:168:31)\n    at Promise.then.completed (/home/david/Sync/mergechoice/node_modules/jest-circus/build/utils.js:298:28)\n    at new Promise (<anonymous>)\n    at callAsyncCircusFn (/home/david/Sync/mergechoice/node_modules/jest-circus/build/utils.js:231:10)\n    at _callCircusTest (/home/david/Sync/mergechoice/node_modules/jest-circus/build/run.js:316:40)\n    at processTicksAndRejections (node:internal/process/task_queues:105:5)\n    at _runTest (/home/david/Sync/mergechoice/node_modules/jest-circus/build/run.js:252:3)\n    at _runTestsForDescribeBlock (/home/david/Sync/mergechoice/node_modules/jest-circus/build/run.js:126:9)\n    at _runTestsForDescribeBlock (/home/david/Sync/mergechoice/node_modules/jest-circus/build/run.js:121:9)\n    at run (/home/david/Sync/mergechoice/node_modules/jest-circus/build/run.js:71:3)\n    at runAndTransformResultsToJestFormat (/home/david/Sync/mergechoice/node_modules/jest-circus/build/legacy-code-todo-rewrite/jestAdapterInit.js:122:21)\n    at jestAdapter (/home/david/Sync/mergechoice/node_modules/jest-circus/build/legacy-code-todo-rewrite/jestAdapter.js:79:19)\n    at runTestInternal (/home/david/Sync/mergechoice/node_modules/jest-runner/build/runTest.js:367:16)\n    at runTest (/home/david/Sync/mergechoice/node_modules/jest-runner/build/runTest.js:444:34)\n    at Object.worker (/home/david/Sync/mergechoice/node_modules/jest-runner/build/testWorker.js:106:12)"],"fullName":"getRanking should give every item a rank equal to the number of unique point values that are greater than it","invocations":1,"location":null,"numPassingAsserts":1,"retryReasons":[],"status":"failed","title":"should give every item a rank equal to the number of unique point values that are greater than it"},{"ancestorTitles":["getRanking"],"duration":1,"failureDetails":[{"matcherResult":{"actual":"e","expected":"b","message":"expect(received).toBe(expected) // Object.is equality\n\nExpected: \"b\"\nReceived: \"e\"","name":"toBe","pass":false}}],"failureMessages":["Error: expect(received).toBe(expected) // Object.is equality\n\nExpected: \"b\"\nReceived: \"e\"\n    at Object.<anonymous> (/home/david/Sync/mergechoice/tests/ranking/getRanking.test.ts:202:29)\n    at Promise.then.completed (/home/david/Sync/mergechoice/node_modules/jest-circus/build/utils.js:298:28)\n    at new Promise (<anonymous>)\n    at callAsyncCircusFn (/home/david/Sync/mergechoice/node_modules/jest-circus/build/utils.js:231:10)\n    at _callCircusTest (/home/david/Sync/mergechoice/node_modules/jest-circus/build/run.js:316:40)\n    at processTicksAndRejections (node:internal/process/task_queues:105:5)\n    at _runTest (/home/david/Sync/mergechoice/node_modules/jest-circus/build/run.js:252:3)\n    at _runTestsForDescribeBlock (/home/david/Sync/mergechoice/node_modules/jest-circus/build/run.js:126:9)\n    at _runTestsForDescribeBlock (/home/david/Sync/mergechoice/node_modules/jest-circus/build/run.js:121:9)\n    at run (/home/david/Sync/mergechoice/node_modules/jest-circus/build/run.js:71:3)\n    at runAndTransformResultsToJestFormat (/home/david/Sync/mergechoice/node_modules/jest-circus/build/legacy-code-todo-rewrite/jestAdapterInit.js:122:21)\n    at jestAdapter (/home/david/Sync/mergechoice/node_modules/jest-circus/build/legacy-code-todo-rewrite/jestAdapter.js:79:19)\n    at runTestInternal (/home/david/Sync/mergechoice/node_modules/jest-runner/build/runTest.js:367:16)\n    at runTest (/home/david/Sync/mergechoice/node_modules/jest-runner/build/runTest.js:444:34)\n    at Object.worker (/home/david/Sync/mergechoice/node_modules/jest-runner/build/testWorker.js:106:12)"],"fullName":"getRanking should sort the ranking items by rank first, then name","invocations":1,"location":null,"numPassingAsserts":0,"retryReasons":[],"status":"failed","title":"should sort the ranking items by rank first, then name"}],"endTime":1743175795935,"message":"  ● getRanking › should throw an error if a UID is duplicated in the operations\n\n    expect(received).toThrow(expected)\n\n    Expected substring: \"Duplicate item UIDs: b, c\"\n\n    Received function did not throw\n\n      62 |     })\n      63 |     const addedFlow2 = addOperation({ flow: addedFlow1, operation: operation2 })\n    > 64 |     expect(() => getRanking({ flow: addedFlow2 })).toThrow('Duplicate item UIDs: b, c')\n         |                                                    ^\n      65 |   })\n      66 |\n      67 |   it('should return an empty array if the flow is empty', () => {\n\n      at Object.<anonymous> (tests/ranking/getRanking.test.ts:64:52)\n\n  ● getRanking › should give every item a rank equal to the number of unique point values that are greater than it\n\n    expect(received).toBe(expected) // Object.is equality\n\n    Expected: 2\n    Received: 1\n\n      166 |     const ranking = getRanking({ flow: addedFlow })\n      167 |     const rankingItemA = getVerifiedRankingItem({ ranking, uid: 'a' })\n    > 168 |     expect(rankingItemA.rank).toBe(2)\n          |                               ^\n      169 |     const rankingItemB = getVerifiedRankingItem({ ranking, uid: 'b' })\n      170 |     expect(rankingItemB.rank).toBe(1)\n      171 |     const rankingItemC = getVerifiedRankingItem({ ranking, uid: 'c' })\n\n      at Object.<anonymous> (tests/ranking/getRanking.test.ts:168:31)\n\n  ● getRanking › should sort the ranking items by rank first, then name\n\n    expect(received).toBe(expected) // Object.is equality\n\n    Expected: \"b\"\n    Received: \"e\"\n\n      200 |     const addedFlow = addOperation({ flow, operation })\n      201 |     const ranking = getRanking({ flow: addedFlow })\n    > 202 |     expect(ranking[0].name).toBe('b')\n          |                             ^\n      203 |     expect(ranking[1].name).toBe('d')\n      204 |     expect(ranking[2].name).toBe('a')\n      205 |     expect(ranking[3].name).toBe('c')\n\n      at Object.<anonymous> (tests/ranking/getRanking.test.ts:202:29)\n","name":"/home/david/Sync/mergechoice/tests/ranking/getRanking.test.ts","startTime":1743175783567,"status":"failed","summary":""}],"wasInterrupted":false,"coverageMap":{"/home/david/Sync/mergechoice/src/index.ts":{"path":"/home/david/Sync/mergechoice/src/index.ts","statementMap":{"0":{"start":{"line":1,"column":0},"end":{"line":1,"column":9}},"1":{"start":{"line":1,"column":9},"end":{"line":1,"column":32}},"2":{"start":{"line":2,"column":0},"end":{"line":2,"column":9}},"3":{"start":{"line":2,"column":9},"end":{"line":2,"column":32}},"4":{"start":{"line":3,"column":0},"end":{"line":3,"column":9}},"5":{"start":{"line":3,"column":9},"end":{"line":3,"column":30}},"6":{"start":{"line":4,"column":0},"end":{"line":4,"column":9}},"7":{"start":{"line":4,"column":9},"end":{"line":4,"column":35}},"8":{"start":{"line":5,"column":0},"end":{"line":5,"column":9}},"9":{"start":{"line":5,"column":9},"end":{"line":5,"column":29}},"10":{"start":{"line":6,"column":0},"end":{"line":6,"column":9}},"11":{"start":{"line":6,"column":9},"end":{"line":6,"column":37}},"12":{"start":{"line":7,"column":0},"end":{"line":7,"column":9}},"13":{"start":{"line":7,"column":9},"end":{"line":7,"column":29}},"14":{"start":{"line":8,"column":0},"end":{"line":8,"column":9}},"15":{"start":{"line":8,"column":9},"end":{"line":8,"column":30}},"16":{"start":{"line":9,"column":0},"end":{"line":9,"column":9}},"17":{"start":{"line":9,"column":9},"end":{"line":9,"column":31}},"18":{"start":{"line":10,"column":0},"end":{"line":10,"column":9}},"19":{"start":{"line":10,"column":9},"end":{"line":10,"column":34}},"20":{"start":{"line":11,"column":0},"end":{"line":11,"column":9}},"21":{"start":{"line":11,"column":9},"end":{"line":11,"column":37}},"22":{"start":{"line":12,"column":0},"end":{"line":12,"column":9}},"23":{"start":{"line":12,"column":9},"end":{"line":12,"column":32}},"24":{"start":{"line":13,"column":0},"end":{"line":13,"column":null}},"25":{"start":{"line":15,"column":2},"end":{"line":15,"column":null}},"26":{"start":{"line":17,"column":2},"end":{"line":17,"column":null}},"27":{"start":{"line":19,"column":2},"end":{"line":19,"column":null}},"28":{"start":{"line":21,"column":2},"end":{"line":21,"column":null}},"29":{"start":{"line":23,"column":2},"end":{"line":23,"column":null}},"30":{"start":{"line":25,"column":2},"end":{"line":25,"column":null}},"31":{"start":{"line":27,"column":2},"end":{"line":27,"column":null}},"32":{"start":{"line":29,"column":2},"end":{"line":29,"column":null}}},"fnMap":{"0":{"name":"(anonymous_1)","decl":{"start":{"line":1,"column":9},"end":{"line":1,"column":16}},"loc":{"start":{"line":1,"column":9},"end":{"line":1,"column":32}}},"1":{"name":"(anonymous_2)","decl":{"start":{"line":2,"column":9},"end":{"line":2,"column":16}},"loc":{"start":{"line":2,"column":9},"end":{"line":2,"column":32}}},"2":{"name":"(anonymous_3)","decl":{"start":{"line":3,"column":9},"end":{"line":3,"column":16}},"loc":{"start":{"line":3,"column":9},"end":{"line":3,"column":30}}},"3":{"name":"(anonymous_4)","decl":{"start":{"line":4,"column":9},"end":{"line":4,"column":16}},"loc":{"start":{"line":4,"column":9},"end":{"line":4,"column":35}}},"4":{"name":"(anonymous_5)","decl":{"start":{"line":5,"column":9},"end":{"line":5,"column":16}},"loc":{"start":{"line":5,"column":9},"end":{"line":5,"column":29}}},"5":{"name":"(anonymous_6)","decl":{"start":{"line":6,"column":9},"end":{"line":6,"column":16}},"loc":{"start":{"line":6,"column":9},"end":{"line":6,"column":37}}},"6":{"name":"(anonymous_7)","decl":{"start":{"line":7,"column":9},"end":{"line":7,"column":16}},"loc":{"start":{"line":7,"column":9},"end":{"line":7,"column":29}}},"7":{"name":"(anonymous_8)","decl":{"start":{"line":8,"column":9},"end":{"line":8,"column":16}},"loc":{"start":{"line":8,"column":9},"end":{"line":8,"column":30}}},"8":{"name":"(anonymous_9)","decl":{"start":{"line":9,"column":9},"end":{"line":9,"column":16}},"loc":{"start":{"line":9,"column":9},"end":{"line":9,"column":31}}},"9":{"name":"(anonymous_10)","decl":{"start":{"line":10,"column":9},"end":{"line":10,"column":16}},"loc":{"start":{"line":10,"column":9},"end":{"line":10,"column":34}}},"10":{"name":"(anonymous_11)","decl":{"start":{"line":11,"column":9},"end":{"line":11,"column":16}},"loc":{"start":{"line":11,"column":9},"end":{"line":11,"column":37}}},"11":{"name":"(anonymous_12)","decl":{"start":{"line":12,"column":9},"end":{"line":12,"column":16}},"loc":{"start":{"line":12,"column":9},"end":{"line":12,"column":32}}},"12":{"name":"(anonymous_13)","decl":{"start":{"line":15,"column":2},"end":{"line":15,"column":14}},"loc":{"start":{"line":15,"column":2},"end":{"line":15,"column":null}}},"13":{"name":"(anonymous_14)","decl":{"start":{"line":17,"column":2},"end":{"line":17,"column":15}},"loc":{"start":{"line":17,"column":2},"end":{"line":17,"column":null}}},"14":{"name":"(anonymous_15)","decl":{"start":{"line":19,"column":2},"end":{"line":19,"column":12}},"loc":{"start":{"line":19,"column":2},"end":{"line":19,"column":null}}},"15":{"name":"(anonymous_16)","decl":{"start":{"line":21,"column":2},"end":{"line":21,"column":12}},"loc":{"start":{"line":21,"column":2},"end":{"line":21,"column":null}}},"16":{"name":"(anonymous_17)","decl":{"start":{"line":23,"column":2},"end":{"line":23,"column":19}},"loc":{"start":{"line":23,"column":2},"end":{"line":23,"column":null}}},"17":{"name":"(anonymous_18)","decl":{"start":{"line":25,"column":2},"end":{"line":25,"column":17}},"loc":{"start":{"line":25,"column":2},"end":{"line":25,"column":null}}},"18":{"name":"(anonymous_19)","decl":{"start":{"line":27,"column":2},"end":{"line":27,"column":20}},"loc":{"start":{"line":27,"column":2},"end":{"line":27,"column":null}}},"19":{"name":"(anonymous_20)","decl":{"start":{"line":29,"column":2},"end":{"line":29,"column":11}},"loc":{"start":{"line":29,"column":2},"end":{"line":29,"column":null}}}},"branchMap":{},"s":{"0":15,"1":39,"2":15,"3":23,"4":15,"5":116,"6":15,"7":54,"8":15,"9":21,"10":15,"11":20,"12":15,"13":30,"14":15,"15":25,"16":15,"17":74,"18":15,"19":25,"20":15,"21":15,"22":15,"23":22,"24":15,"25":16,"26":16,"27":17,"28":17,"29":20,"30":17,"31":16,"32":17},"f":{"0":24,"1":8,"2":101,"3":39,"4":6,"5":5,"6":15,"7":10,"8":59,"9":10,"10":0,"11":7,"12":1,"13":1,"14":2,"15":2,"16":5,"17":2,"18":1,"19":2},"b":{}},"/home/david/Sync/mergechoice/src/addOperation.ts":{"path":"/home/david/Sync/mergechoice/src/addOperation.ts","statementMap":{"0":{"start":{"line":3,"column":0},"end":{"line":3,"column":24}},"1":{"start":{"line":7,"column":2},"end":{"line":9,"column":3}},"2":{"start":{"line":8,"column":4},"end":{"line":8,"column":null}},"3":{"start":{"line":11,"column":2},"end":{"line":13,"column":3}},"4":{"start":{"line":12,"column":4},"end":{"line":12,"column":null}},"5":{"start":{"line":15,"column":2},"end":{"line":17,"column":3}},"6":{"start":{"line":16,"column":4},"end":{"line":16,"column":null}},"7":{"start":{"line":19,"column":18},"end":{"line":21,"column":null}},"8":{"start":{"line":24,"column":25},"end":{"line":24,"column":54}},"9":{"start":{"line":26,"column":2},"end":{"line":29,"column":null}}},"fnMap":{"0":{"name":"addOperation","decl":{"start":{"line":3,"column":24},"end":{"line":3,"column":36}},"loc":{"start":{"line":6,"column":1},"end":{"line":31,"column":1}}}},"branchMap":{"0":{"loc":{"start":{"line":7,"column":2},"end":{"line":9,"column":3}},"type":"if","locations":[{"start":{"line":7,"column":2},"end":{"line":9,"column":3}}]},"1":{"loc":{"start":{"line":11,"column":2},"end":{"line":13,"column":3}},"type":"if","locations":[{"start":{"line":11,"column":2},"end":{"line":13,"column":3}}]},"2":{"loc":{"start":{"line":15,"column":2},"end":{"line":17,"column":3}},"type":"if","locations":[{"start":{"line":15,"column":2},"end":{"line":17,"column":3}}]}},"s":{"0":15,"1":134,"2":1,"3":133,"4":1,"5":132,"6":1,"7":131,"8":131,"9":131},"f":{"0":134},"b":{"0":[1],"1":[1],"2":[1]}},"/home/david/Sync/mergechoice/src/chooseOption.ts":{"path":"/home/david/Sync/mergechoice/src/chooseOption.ts","statementMap":{"0":{"start":{"line":4,"column":0},"end":{"line":4,"column":24}},"1":{"start":{"line":2,"column":0},"end":{"line":2,"column":35}},"2":{"start":{"line":8,"column":17},"end":{"line":8,"column":48}},"3":{"start":{"line":9,"column":2},"end":{"line":11,"column":3}},"4":{"start":{"line":10,"column":4},"end":{"line":10,"column":null}},"5":{"start":{"line":13,"column":2},"end":{"line":15,"column":3}},"6":{"start":{"line":14,"column":4},"end":{"line":14,"column":null}},"7":{"start":{"line":17,"column":20},"end":{"line":17,"column":61}},"8":{"start":{"line":19,"column":19},"end":{"line":22,"column":null}},"9":{"start":{"line":26,"column":20},"end":{"line":26,"column":51}},"10":{"start":{"line":27,"column":17},"end":{"line":29,"column":38}},"11":{"start":{"line":31,"column":24},"end":{"line":35,"column":null}},"12":{"start":{"line":38,"column":2},"end":{"line":38,"column":null}},"13":{"start":{"line":40,"column":2},"end":{"line":40,"column":null}}},"fnMap":{"0":{"name":"chooseOption","decl":{"start":{"line":4,"column":24},"end":{"line":4,"column":36}},"loc":{"start":{"line":7,"column":1},"end":{"line":41,"column":1}}}},"branchMap":{"0":{"loc":{"start":{"line":9,"column":2},"end":{"line":11,"column":3}},"type":"if","locations":[{"start":{"line":9,"column":2},"end":{"line":11,"column":3}}]},"1":{"loc":{"start":{"line":13,"column":2},"end":{"line":15,"column":3}},"type":"if","locations":[{"start":{"line":13,"column":2},"end":{"line":15,"column":3}}]},"2":{"loc":{"start":{"line":13,"column":6},"end":{"line":13,"column":72}},"type":"binary-expr","locations":[{"start":{"line":13,"column":6},"end":{"line":13,"column":37}},{"start":{"line":13,"column":41},"end":{"line":13,"column":72}}]},"3":{"loc":{"start":{"line":27,"column":17},"end":{"line":29,"column":38}},"type":"cond-expr","locations":[{"start":{"line":28,"column":6},"end":{"line":28,"column":38}},{"start":{"line":29,"column":6},"end":{"line":29,"column":38}}]}},"s":{"0":15,"1":15,"2":8,"3":8,"4":1,"5":7,"6":1,"7":6,"8":6,"9":6,"10":6,"11":6,"12":6,"13":6},"f":{"0":8},"b":{"0":[1],"1":[1],"2":[7,1],"3":[6,0]}},"/home/david/Sync/mergechoice/src/getChoice.ts":{"path":"/home/david/Sync/mergechoice/src/getChoice.ts","statementMap":{"0":{"start":{"line":3,"column":0},"end":{"line":3,"column":24}},"1":{"start":{"line":6,"column":2},"end":{"line":8,"column":3}},"2":{"start":{"line":7,"column":4},"end":{"line":7,"column":null}},"3":{"start":{"line":10,"column":21},"end":{"line":10,"column":57}},"4":{"start":{"line":12,"column":31},"end":{"line":13,"column":null}},"5":{"start":{"line":13,"column":4},"end":{"line":13,"column":62}},"6":{"start":{"line":16,"column":2},"end":{"line":18,"column":3}},"7":{"start":{"line":17,"column":4},"end":{"line":17,"column":null}},"8":{"start":{"line":20,"column":29},"end":{"line":23,"column":7}},"9":{"start":{"line":21,"column":24},"end":{"line":21,"column":73}},"10":{"start":{"line":22,"column":4},"end":{"line":22,"column":null}},"11":{"start":{"line":25,"column":37},"end":{"line":26,"column":null}},"12":{"start":{"line":26,"column":4},"end":{"line":26,"column":76}},"13":{"start":{"line":29,"column":28},"end":{"line":31,"column":34}},"14":{"start":{"line":30,"column":4},"end":{"line":30,"column":53}},"15":{"start":{"line":33,"column":2},"end":{"line":37,"column":null}}},"fnMap":{"0":{"name":"getChoice","decl":{"start":{"line":3,"column":24},"end":{"line":3,"column":33}},"loc":{"start":{"line":5,"column":1},"end":{"line":38,"column":1}}},"1":{"name":"(anonymous_1)","decl":{"start":{"line":12,"column":49},"end":{"line":12,"column":58}},"loc":{"start":{"line":13,"column":4},"end":{"line":13,"column":62}}},"2":{"name":"(anonymous_2)","decl":{"start":{"line":20,"column":57},"end":{"line":20,"column":58}},"loc":{"start":{"line":20,"column":82},"end":{"line":23,"column":3}}},"3":{"name":"(anonymous_3)","decl":{"start":{"line":25,"column":65},"end":{"line":25,"column":74}},"loc":{"start":{"line":26,"column":4},"end":{"line":26,"column":76}}},"4":{"name":"(anonymous_4)","decl":{"start":{"line":29,"column":62},"end":{"line":29,"column":63}},"loc":{"start":{"line":30,"column":4},"end":{"line":30,"column":53}}}},"branchMap":{"0":{"loc":{"start":{"line":6,"column":2},"end":{"line":8,"column":3}},"type":"if","locations":[{"start":{"line":6,"column":2},"end":{"line":8,"column":3}}]},"1":{"loc":{"start":{"line":13,"column":4},"end":{"line":13,"column":62}},"type":"binary-expr","locations":[{"start":{"line":13,"column":4},"end":{"line":13,"column":31}},{"start":{"line":13,"column":35},"end":{"line":13,"column":62}}]},"2":{"loc":{"start":{"line":16,"column":2},"end":{"line":18,"column":3}},"type":"if","locations":[{"start":{"line":16,"column":2},"end":{"line":18,"column":3}}]},"3":{"loc":{"start":{"line":22,"column":11},"end":{"line":22,"column":60}},"type":"cond-expr","locations":[{"start":{"line":22,"column":37},"end":{"line":22,"column":48}},{"start":{"line":22,"column":51},"end":{"line":22,"column":60}}]},"4":{"loc":{"start":{"line":30,"column":4},"end":{"line":30,"column":53}},"type":"cond-expr","locations":[{"start":{"line":30,"column":34},"end":{"line":30,"column":43}},{"start":{"line":30,"column":46},"end":{"line":30,"column":53}}]}},"s":{"0":15,"1":23,"2":3,"3":20,"4":20,"5":30,"6":20,"7":1,"8":19,"9":20,"10":20,"11":19,"12":20,"13":19,"14":20,"15":19},"f":{"0":23,"1":30,"2":20,"3":20,"4":20},"b":{"0":[3],"1":[30,20],"2":[1],"3":[19,1],"4":[1,19]}},"/home/david/Sync/mergechoice/src/createFlow.ts":{"path":"/home/david/Sync/mergechoice/src/createFlow.ts","statementMap":{"0":{"start":{"line":3,"column":0},"end":{"line":3,"column":24}},"1":{"start":{"line":4,"column":2},"end":{"line":6,"column":3}},"2":{"start":{"line":5,"column":4},"end":{"line":5,"column":null}},"3":{"start":{"line":8,"column":2},"end":{"line":15,"column":null}}},"fnMap":{"0":{"name":"createFlow","decl":{"start":{"line":3,"column":24},"end":{"line":3,"column":34}},"loc":{"start":{"line":3,"column":55},"end":{"line":16,"column":1}}}},"branchMap":{"0":{"loc":{"start":{"line":4,"column":2},"end":{"line":6,"column":3}},"type":"if","locations":[{"start":{"line":4,"column":2},"end":{"line":6,"column":3}}]}},"s":{"0":15,"1":101,"2":1,"3":100},"f":{"0":101},"b":{"0":[1]}},"/home/david/Sync/mergechoice/src/createOperation.ts":{"path":"/home/david/Sync/mergechoice/src/createOperation.ts","statementMap":{"0":{"start":{"line":5,"column":0},"end":{"line":5,"column":24}},"1":{"start":{"line":1,"column":0},"end":{"line":1,"column":35}},"2":{"start":{"line":3,"column":0},"end":{"line":3,"column":51}},"3":{"start":{"line":8,"column":2},"end":{"line":10,"column":3}},"4":{"start":{"line":9,"column":4},"end":{"line":9,"column":null}},"5":{"start":{"line":13,"column":2},"end":{"line":15,"column":3}},"6":{"start":{"line":14,"column":4},"end":{"line":14,"column":null}},"7":{"start":{"line":18,"column":2},"end":{"line":21,"column":3}},"8":{"start":{"line":20,"column":4},"end":{"line":20,"column":null}},"9":{"start":{"line":24,"column":18},"end":{"line":24,"column":69}},"10":{"start":{"line":25,"column":21},"end":{"line":25,"column":37}},"11":{"start":{"line":26,"column":2},"end":{"line":28,"column":3}},"12":{"start":{"line":27,"column":4},"end":{"line":27,"column":null}},"13":{"start":{"line":30,"column":14},"end":{"line":30,"column":82}},"14":{"start":{"line":33,"column":19},"end":{"line":44,"column":4}},"15":{"start":{"line":46,"column":31},"end":{"line":55,"column":null}},"16":{"start":{"line":57,"column":2},"end":{"line":57,"column":null}}},"fnMap":{"0":{"name":"createOperation","decl":{"start":{"line":5,"column":24},"end":{"line":5,"column":39}},"loc":{"start":{"line":7,"column":16},"end":{"line":58,"column":1}}}},"branchMap":{"0":{"loc":{"start":{"line":8,"column":2},"end":{"line":10,"column":3}},"type":"if","locations":[{"start":{"line":8,"column":2},"end":{"line":10,"column":3}}]},"1":{"loc":{"start":{"line":8,"column":6},"end":{"line":8,"column":74}},"type":"binary-expr","locations":[{"start":{"line":8,"column":6},"end":{"line":8,"column":26}},{"start":{"line":8,"column":30},"end":{"line":8,"column":50}},{"start":{"line":8,"column":54},"end":{"line":8,"column":74}}]},"2":{"loc":{"start":{"line":13,"column":2},"end":{"line":15,"column":3}},"type":"if","locations":[{"start":{"line":13,"column":2},"end":{"line":15,"column":3}}]},"3":{"loc":{"start":{"line":13,"column":6},"end":{"line":13,"column":89}},"type":"binary-expr","locations":[{"start":{"line":13,"column":6},"end":{"line":13,"column":31}},{"start":{"line":13,"column":35},"end":{"line":13,"column":60}},{"start":{"line":13,"column":64},"end":{"line":13,"column":89}}]},"4":{"loc":{"start":{"line":18,"column":2},"end":{"line":21,"column":3}},"type":"if","locations":[{"start":{"line":18,"column":2},"end":{"line":21,"column":3}}]},"5":{"loc":{"start":{"line":18,"column":6},"end":{"line":19,"column":60}},"type":"binary-expr","locations":[{"start":{"line":18,"column":7},"end":{"line":18,"column":30}},{"start":{"line":18,"column":34},"end":{"line":18,"column":59}},{"start":{"line":19,"column":7},"end":{"line":19,"column":32}},{"start":{"line":19,"column":36},"end":{"line":19,"column":59}}]},"6":{"loc":{"start":{"line":26,"column":2},"end":{"line":28,"column":3}},"type":"if","locations":[{"start":{"line":26,"column":2},"end":{"line":28,"column":3}}]},"7":{"loc":{"start":{"line":54,"column":11},"end":{"line":54,"column":49}},"type":"cond-expr","locations":[{"start":{"line":54,"column":22},"end":{"line":54,"column":23}},{"start":{"line":54,"column":26},"end":{"line":54,"column":49}}]}},"s":{"0":15,"1":15,"2":15,"3":149,"4":3,"5":146,"6":1,"7":145,"8":2,"9":143,"10":143,"11":143,"12":1,"13":142,"14":142,"15":142,"16":142},"f":{"0":149},"b":{"0":[3],"1":[149,147,147],"2":[1],"3":[146,51,50],"4":[2],"5":[145,95,144,50],"6":[1],"7":[49,93]}},"/home/david/Sync/mergechoice/src/createUid.ts":{"path":"/home/david/Sync/mergechoice/src/createUid.ts","statementMap":{"0":{"start":{"line":4,"column":0},"end":{"line":4,"column":24}},"1":{"start":{"line":1,"column":0},"end":{"line":1,"column":28}},"2":{"start":{"line":8,"column":21},"end":{"line":8,"column":50}},"3":{"start":{"line":9,"column":15},"end":{"line":9,"column":35}},"4":{"start":{"line":11,"column":20},"end":{"line":14,"column":4}},"5":{"start":{"line":12,"column":24},"end":{"line":12,"column":52}},"6":{"start":{"line":13,"column":4},"end":{"line":13,"column":null}},"7":{"start":{"line":16,"column":23},"end":{"line":16,"column":53}},"8":{"start":{"line":17,"column":23},"end":{"line":17,"column":54}},"9":{"start":{"line":19,"column":25},"end":{"line":19,"column":63}},"10":{"start":{"line":21,"column":22},"end":{"line":21,"column":23}},"11":{"start":{"line":22,"column":30},"end":{"line":22,"column":57}},"12":{"start":{"line":23,"column":24},"end":{"line":23,"column":57}},"13":{"start":{"line":24,"column":23},"end":{"line":24,"column":49}},"14":{"start":{"line":25,"column":25},"end":{"line":25,"column":77}},"15":{"start":{"line":27,"column":23},"end":{"line":27,"column":55}},"16":{"start":{"line":29,"column":2},"end":{"line":29,"column":null}}},"fnMap":{"0":{"name":"createUid","decl":{"start":{"line":4,"column":24},"end":{"line":4,"column":33}},"loc":{"start":{"line":7,"column":1},"end":{"line":30,"column":1}}},"1":{"name":"(anonymous_2)","decl":{"start":{"line":11,"column":47},"end":{"line":11,"column":50}},"loc":{"start":{"line":11,"column":52},"end":{"line":14,"column":3}}}},"branchMap":{},"s":{"0":15,"1":15,"2":148,"3":148,"4":148,"5":4736,"6":4736,"7":148,"8":148,"9":148,"10":148,"11":148,"12":148,"13":148,"14":148,"15":148,"16":148},"f":{"0":148,"1":4736},"b":{}},"/home/david/Sync/mergechoice/src/isOutputOperation.ts":{"path":"/home/david/Sync/mergechoice/src/isOutputOperation.ts","statementMap":{"0":{"start":{"line":3,"column":0},"end":{"line":3,"column":24}},"1":{"start":{"line":6,"column":22},"end":{"line":6,"column":56}},"2":{"start":{"line":7,"column":2},"end":{"line":9,"column":3}},"3":{"start":{"line":8,"column":4},"end":{"line":8,"column":null}},"4":{"start":{"line":11,"column":21},"end":{"line":11,"column":56}},"5":{"start":{"line":12,"column":2},"end":{"line":14,"column":3}},"6":{"start":{"line":13,"column":4},"end":{"line":13,"column":null}},"7":{"start":{"line":16,"column":21},"end":{"line":16,"column":56}},"8":{"start":{"line":17,"column":2},"end":{"line":19,"column":3}},"9":{"start":{"line":18,"column":4},"end":{"line":18,"column":null}},"10":{"start":{"line":21,"column":2},"end":{"line":21,"column":null}}},"fnMap":{"0":{"name":"isOutputOperation","decl":{"start":{"line":3,"column":24},"end":{"line":3,"column":41}},"loc":{"start":{"line":5,"column":1},"end":{"line":22,"column":1}}}},"branchMap":{"0":{"loc":{"start":{"line":7,"column":2},"end":{"line":9,"column":3}},"type":"if","locations":[{"start":{"line":7,"column":2},"end":{"line":9,"column":3}}]},"1":{"loc":{"start":{"line":12,"column":2},"end":{"line":14,"column":3}},"type":"if","locations":[{"start":{"line":12,"column":2},"end":{"line":14,"column":3}}]},"2":{"loc":{"start":{"line":17,"column":2},"end":{"line":19,"column":3}},"type":"if","locations":[{"start":{"line":17,"column":2},"end":{"line":19,"column":3}}]}},"s":{"0":15,"1":160,"2":160,"3":92,"4":68,"5":68,"6":6,"7":62,"8":62,"9":0,"10":62},"f":{"0":160},"b":{"0":[92],"1":[6],"2":[0]}},"/home/david/Sync/mergechoice/src/combineOperations.ts":{"path":"/home/david/Sync/mergechoice/src/combineOperations.ts","statementMap":{"0":{"start":{"line":6,"column":0},"end":{"line":6,"column":24}},"1":{"start":{"line":2,"column":0},"end":{"line":2,"column":47}},"2":{"start":{"line":3,"column":0},"end":{"line":3,"column":41}},"3":{"start":{"line":4,"column":0},"end":{"line":4,"column":51}},"4":{"start":{"line":9,"column":21},"end":{"line":9,"column":57}},"5":{"start":{"line":11,"column":27},"end":{"line":11,"column":91}},"6":{"start":{"line":11,"column":58},"end":{"line":11,"column":90}},"7":{"start":{"line":14,"column":2},"end":{"line":16,"column":3}},"8":{"start":{"line":15,"column":4},"end":{"line":15,"column":null}},"9":{"start":{"line":19,"column":2},"end":{"line":21,"column":3}},"10":{"start":{"line":20,"column":4},"end":{"line":20,"column":null}},"11":{"start":{"line":24,"column":23},"end":{"line":29,"column":4}},"12":{"start":{"line":32,"column":27},"end":{"line":37,"column":8}},"13":{"start":{"line":33,"column":23},"end":{"line":33,"column":89}},"14":{"start":{"line":35,"column":4},"end":{"line":35,"column":null}},"15":{"start":{"line":36,"column":4},"end":{"line":36,"column":null}},"16":{"start":{"line":39,"column":35},"end":{"line":42,"column":null}},"17":{"start":{"line":46,"column":2},"end":{"line":49,"column":null}}},"fnMap":{"0":{"name":"combineOperations","decl":{"start":{"line":6,"column":24},"end":{"line":6,"column":41}},"loc":{"start":{"line":8,"column":1},"end":{"line":50,"column":1}}},"1":{"name":"(anonymous_2)","decl":{"start":{"line":11,"column":45},"end":{"line":11,"column":54}},"loc":{"start":{"line":11,"column":58},"end":{"line":11,"column":90}}},"2":{"name":"(anonymous_3)","decl":{"start":{"line":33,"column":12},"end":{"line":33,"column":13}},"loc":{"start":{"line":33,"column":23},"end":{"line":33,"column":89}}},"3":{"name":"(anonymous_4)","decl":{"start":{"line":34,"column":36},"end":{"line":34,"column":37}},"loc":{"start":{"line":34,"column":62},"end":{"line":37,"column":3}}}},"branchMap":{"0":{"loc":{"start":{"line":14,"column":2},"end":{"line":16,"column":3}},"type":"if","locations":[{"start":{"line":14,"column":2},"end":{"line":16,"column":3}}]},"1":{"loc":{"start":{"line":19,"column":2},"end":{"line":21,"column":3}},"type":"if","locations":[{"start":{"line":19,"column":2},"end":{"line":21,"column":3}}]},"2":{"loc":{"start":{"line":33,"column":23},"end":{"line":33,"column":89}},"type":"binary-expr","locations":[{"start":{"line":33,"column":23},"end":{"line":33,"column":54}},{"start":{"line":33,"column":58},"end":{"line":33,"column":89}}]}},"s":{"0":15,"1":15,"2":15,"3":15,"4":5,"5":5,"6":9,"7":5,"8":1,"9":4,"10":2,"11":2,"12":2,"13":4,"14":0,"15":0,"16":2,"17":2},"f":{"0":5,"1":9,"2":4,"3":0},"b":{"0":[1],"1":[2],"2":[4,2]}},"/home/david/Sync/mergechoice/src/getRanking.ts":{"path":"/home/david/Sync/mergechoice/src/getRanking.ts","statementMap":{"0":{"start":{"line":3,"column":0},"end":{"line":3,"column":24}},"1":{"start":{"line":6,"column":21},"end":{"line":6,"column":57}},"2":{"start":{"line":7,"column":16},"end":{"line":7,"column":47}},"3":{"start":{"line":8,"column":28},"end":{"line":10,"column":4}},"4":{"start":{"line":9,"column":4},"end":{"line":9,"column":null}},"5":{"start":{"line":11,"column":34},"end":{"line":11,"column":65}},"6":{"start":{"line":12,"column":35},"end":{"line":14,"column":4}},"7":{"start":{"line":13,"column":4},"end":{"line":13,"column":null}},"8":{"start":{"line":13,"column":31},"end":{"line":13,"column":47}},"9":{"start":{"line":15,"column":2},"end":{"line":19,"column":3}},"10":{"start":{"line":16,"column":19},"end":{"line":16,"column":54}},"11":{"start":{"line":17,"column":20},"end":{"line":17,"column":46}},"12":{"start":{"line":18,"column":4},"end":{"line":18,"column":null}},"13":{"start":{"line":20,"column":23},"end":{"line":22,"column":4}},"14":{"start":{"line":21,"column":4},"end":{"line":21,"column":null}},"15":{"start":{"line":23,"column":2},"end":{"line":28,"column":3}},"16":{"start":{"line":24,"column":17},"end":{"line":24,"column":51}},"17":{"start":{"line":24,"column":42},"end":{"line":24,"column":50}},"18":{"start":{"line":25,"column":19},"end":{"line":25,"column":34}},"19":{"start":{"line":26,"column":20},"end":{"line":26,"column":46}},"20":{"start":{"line":27,"column":4},"end":{"line":27,"column":null}},"21":{"start":{"line":29,"column":23},"end":{"line":60,"column":8}},"22":{"start":{"line":30,"column":4},"end":{"line":38,"column":null}},"23":{"start":{"line":31,"column":19},"end":{"line":31,"column":46}},"24":{"start":{"line":32,"column":23},"end":{"line":35,"column":null}},"25":{"start":{"line":37,"column":6},"end":{"line":37,"column":null}},"26":{"start":{"line":39,"column":4},"end":{"line":48,"column":null}},"27":{"start":{"line":40,"column":19},"end":{"line":40,"column":46}},"28":{"start":{"line":41,"column":21},"end":{"line":41,"column":52}},"29":{"start":{"line":42,"column":23},"end":{"line":45,"column":null}},"30":{"start":{"line":47,"column":6},"end":{"line":47,"column":null}},"31":{"start":{"line":49,"column":4},"end":{"line":58,"column":null}},"32":{"start":{"line":50,"column":19},"end":{"line":50,"column":46}},"33":{"start":{"line":51,"column":21},"end":{"line":51,"column":52}},"34":{"start":{"line":52,"column":23},"end":{"line":55,"column":null}},"35":{"start":{"line":57,"column":6},"end":{"line":57,"column":null}},"36":{"start":{"line":59,"column":4},"end":{"line":59,"column":null}},"37":{"start":{"line":61,"column":2},"end":{"line":61,"column":null}}},"fnMap":{"0":{"name":"getRanking","decl":{"start":{"line":3,"column":24},"end":{"line":3,"column":34}},"loc":{"start":{"line":5,"column":1},"end":{"line":62,"column":1}}},"1":{"name":"(anonymous_1)","decl":{"start":{"line":8,"column":47},"end":{"line":8,"column":56}},"loc":{"start":{"line":8,"column":59},"end":{"line":10,"column":3}}},"2":{"name":"(anonymous_2)","decl":{"start":{"line":12,"column":66},"end":{"line":12,"column":69}},"loc":{"start":{"line":12,"column":72},"end":{"line":14,"column":3}}},"3":{"name":"(anonymous_3)","decl":{"start":{"line":13,"column":23},"end":{"line":13,"column":27}},"loc":{"start":{"line":13,"column":31},"end":{"line":13,"column":47}}},"4":{"name":"(anonymous_4)","decl":{"start":{"line":20,"column":36},"end":{"line":20,"column":40}},"loc":{"start":{"line":20,"column":43},"end":{"line":22,"column":3}}},"5":{"name":"(anonymous_5)","decl":{"start":{"line":24,"column":34},"end":{"line":24,"column":38}},"loc":{"start":{"line":24,"column":42},"end":{"line":24,"column":50}}},"6":{"name":"(anonymous_6)","decl":{"start":{"line":29,"column":56},"end":{"line":29,"column":57}},"loc":{"start":{"line":29,"column":84},"end":{"line":60,"column":3}}},"7":{"name":"(anonymous_7)","decl":{"start":{"line":30,"column":29},"end":{"line":30,"column":30}},"loc":{"start":{"line":30,"column":50},"end":{"line":38,"column":5}}},"8":{"name":"(anonymous_8)","decl":{"start":{"line":39,"column":29},"end":{"line":39,"column":30}},"loc":{"start":{"line":39,"column":50},"end":{"line":48,"column":5}}},"9":{"name":"(anonymous_9)","decl":{"start":{"line":49,"column":29},"end":{"line":49,"column":30}},"loc":{"start":{"line":49,"column":50},"end":{"line":58,"column":5}}}},"branchMap":{"0":{"loc":{"start":{"line":15,"column":2},"end":{"line":19,"column":3}},"type":"if","locations":[{"start":{"line":15,"column":2},"end":{"line":19,"column":3}}]},"1":{"loc":{"start":{"line":23,"column":2},"end":{"line":28,"column":3}},"type":"if","locations":[{"start":{"line":23,"column":2},"end":{"line":28,"column":3}}]}},"s":{"0":15,"1":10,"2":10,"3":10,"4":12,"5":10,"6":10,"7":41,"8":135,"9":10,"10":1,"11":1,"12":1,"13":9,"14":39,"15":9,"16":1,"17":1,"18":1,"19":1,"20":1,"21":8,"22":10,"23":17,"24":17,"25":17,"26":10,"27":11,"28":11,"29":11,"30":11,"31":10,"32":11,"33":11,"34":11,"35":11,"36":10,"37":8},"f":{"0":10,"1":12,"2":41,"3":135,"4":39,"5":1,"6":10,"7":17,"8":11,"9":11},"b":{"0":[1],"1":[1]}},"/home/david/Sync/mergechoice/src/importItems.ts":{"path":"/home/david/Sync/mergechoice/src/importItems.ts","statementMap":{"0":{"start":{"line":6,"column":0},"end":{"line":6,"column":24}},"1":{"start":{"line":2,"column":0},"end":{"line":2,"column":41}},"2":{"start":{"line":3,"column":0},"end":{"line":3,"column":47}},"3":{"start":{"line":4,"column":0},"end":{"line":4,"column":41}},"4":{"start":{"line":10,"column":2},"end":{"line":12,"column":3}},"5":{"start":{"line":11,"column":4},"end":{"line":11,"column":null}},"6":{"start":{"line":14,"column":15},"end":{"line":14,"column":48}},"7":{"start":{"line":14,"column":39},"end":{"line":14,"column":47}},"8":{"start":{"line":15,"column":21},"end":{"line":15,"column":34}},"9":{"start":{"line":16,"column":2},"end":{"line":18,"column":3}},"10":{"start":{"line":17,"column":4},"end":{"line":17,"column":null}},"11":{"start":{"line":20,"column":2},"end":{"line":24,"column":3}},"12":{"start":{"line":21,"column":4},"end":{"line":23,"column":5}},"13":{"start":{"line":22,"column":6},"end":{"line":22,"column":null}},"14":{"start":{"line":26,"column":19},"end":{"line":26,"column":64}},"15":{"start":{"line":27,"column":2},"end":{"line":29,"column":3}},"16":{"start":{"line":28,"column":4},"end":{"line":28,"column":null}},"17":{"start":{"line":31,"column":24},"end":{"line":34,"column":null}},"18":{"start":{"line":36,"column":18},"end":{"line":36,"column":56}},"19":{"start":{"line":38,"column":23},"end":{"line":38,"column":64}},"20":{"start":{"line":40,"column":16},"end":{"line":44,"column":null}},"21":{"start":{"line":47,"column":2},"end":{"line":59,"column":3}},"22":{"start":{"line":48,"column":22},"end":{"line":53,"column":6}},"23":{"start":{"line":55,"column":4},"end":{"line":58,"column":null}},"24":{"start":{"line":61,"column":24},"end":{"line":65,"column":4}},"25":{"start":{"line":67,"column":20},"end":{"line":67,"column":56}},"26":{"start":{"line":68,"column":16},"end":{"line":74,"column":4}},"27":{"start":{"line":69,"column":23},"end":{"line":69,"column":28}},"28":{"start":{"line":70,"column":24},"end":{"line":70,"column":33}},"29":{"start":{"line":71,"column":22},"end":{"line":71,"column":47}},"30":{"start":{"line":72,"column":23},"end":{"line":72,"column":49}},"31":{"start":{"line":73,"column":4},"end":{"line":73,"column":null}},"32":{"start":{"line":76,"column":24},"end":{"line":88,"column":14}},"33":{"start":{"line":77,"column":22},"end":{"line":82,"column":6}},"34":{"start":{"line":84,"column":4},"end":{"line":87,"column":null}},"35":{"start":{"line":90,"column":27},"end":{"line":90,"column":57}},"36":{"start":{"line":92,"column":2},"end":{"line":94,"column":3}},"37":{"start":{"line":93,"column":4},"end":{"line":93,"column":null}},"38":{"start":{"line":96,"column":20},"end":{"line":96,"column":44}},"39":{"start":{"line":97,"column":24},"end":{"line":97,"column":48}},"40":{"start":{"line":99,"column":20},"end":{"line":104,"column":4}},"41":{"start":{"line":106,"column":2},"end":{"line":109,"column":null}}},"fnMap":{"0":{"name":"importItems","decl":{"start":{"line":6,"column":24},"end":{"line":6,"column":35}},"loc":{"start":{"line":9,"column":1},"end":{"line":110,"column":1}}},"1":{"name":"(anonymous_2)","decl":{"start":{"line":14,"column":31},"end":{"line":14,"column":35}},"loc":{"start":{"line":14,"column":39},"end":{"line":14,"column":47}}},"2":{"name":"(anonymous_3)","decl":{"start":{"line":68,"column":50},"end":{"line":68,"column":51}},"loc":{"start":{"line":68,"column":59},"end":{"line":74,"column":3}}},"3":{"name":"(anonymous_4)","decl":{"start":{"line":76,"column":37},"end":{"line":76,"column":38}},"loc":{"start":{"line":76,"column":59},"end":{"line":88,"column":3}}}},"branchMap":{"0":{"loc":{"start":{"line":10,"column":2},"end":{"line":12,"column":3}},"type":"if","locations":[{"start":{"line":10,"column":2},"end":{"line":12,"column":3}}]},"1":{"loc":{"start":{"line":16,"column":2},"end":{"line":18,"column":3}},"type":"if","locations":[{"start":{"line":16,"column":2},"end":{"line":18,"column":3}}]},"2":{"loc":{"start":{"line":21,"column":4},"end":{"line":23,"column":5}},"type":"if","locations":[{"start":{"line":21,"column":4},"end":{"line":23,"column":5}}]},"3":{"loc":{"start":{"line":47,"column":2},"end":{"line":59,"column":3}},"type":"if","locations":[{"start":{"line":47,"column":2},"end":{"line":59,"column":3}}]},"4":{"loc":{"start":{"line":92,"column":2},"end":{"line":94,"column":3}},"type":"if","locations":[{"start":{"line":92,"column":2},"end":{"line":94,"column":3}}]}},"s":{"0":15,"1":15,"2":15,"3":15,"4":59,"5":1,"6":58,"7":182,"8":58,"9":58,"10":2,"11":56,"12":178,"13":0,"14":56,"15":56,"16":178,"17":56,"18":56,"19":56,"20":56,"21":56,"22":7,"23":7,"24":49,"25":49,"26":49,"27":70,"28":70,"29":70,"30":70,"31":70,"32":49,"33":70,"34":70,"35":49,"36":49,"37":18,"38":31,"39":31,"40":31,"41":31},"f":{"0":59,"1":182,"2":70,"3":70},"b":{"0":[1],"1":[2],"2":[0],"3":[7],"4":[18]}},"/home/david/Sync/mergechoice/src/shuffleArray.ts":{"path":"/home/david/Sync/mergechoice/src/shuffleArray.ts","statementMap":{"0":{"start":{"line":4,"column":0},"end":{"line":4,"column":24}},"1":{"start":{"line":1,"column":0},"end":{"line":1,"column":28}},"2":{"start":{"line":9,"column":21},"end":{"line":9,"column":50}},"3":{"start":{"line":11,"column":15},"end":{"line":11,"column":35}},"4":{"start":{"line":13,"column":2},"end":{"line":21,"column":null}},"5":{"start":{"line":15,"column":6},"end":{"line":18,"column":null}},"6":{"start":{"line":20,"column":20},"end":{"line":20,"column":35}},"7":{"start":{"line":21,"column":23},"end":{"line":21,"column":27}}},"fnMap":{"0":{"name":"shuffleArray","decl":{"start":{"line":4,"column":24},"end":{"line":4,"column":36}},"loc":{"start":{"line":8,"column":1},"end":{"line":22,"column":1}}},"1":{"name":"(anonymous_2)","decl":{"start":{"line":14,"column":9},"end":{"line":14,"column":13}},"loc":{"start":{"line":14,"column":16},"end":{"line":19,"column":5}}},"2":{"name":"(anonymous_3)","decl":{"start":{"line":20,"column":10},"end":{"line":20,"column":11}},"loc":{"start":{"line":20,"column":20},"end":{"line":20,"column":35}}},"3":{"name":"(anonymous_4)","decl":{"start":{"line":21,"column":9},"end":{"line":21,"column":10}},"loc":{"start":{"line":21,"column":23},"end":{"line":21,"column":27}}}},"branchMap":{},"s":{"0":15,"1":15,"2":56,"3":56,"4":56,"5":192,"6":248,"7":192},"f":{"0":56,"1":192,"2":248,"3":192},"b":{}},"/home/david/Sync/mergechoice/src/isFlowComplete.ts":{"path":"/home/david/Sync/mergechoice/src/isFlowComplete.ts","statementMap":{"0":{"start":{"line":4,"column":0},"end":{"line":4,"column":24}},"1":{"start":{"line":2,"column":0},"end":{"line":2,"column":51}},"2":{"start":{"line":7,"column":21},"end":{"line":7,"column":57}},"3":{"start":{"line":10,"column":2},"end":{"line":12,"column":3}},"4":{"start":{"line":11,"column":4},"end":{"line":11,"column":null}},"5":{"start":{"line":15,"column":2},"end":{"line":20,"column":3}},"6":{"start":{"line":16,"column":4},"end":{"line":19,"column":5}},"7":{"start":{"line":18,"column":6},"end":{"line":18,"column":null}},"8":{"start":{"line":23,"column":2},"end":{"line":27,"column":3}},"9":{"start":{"line":24,"column":4},"end":{"line":26,"column":5}},"10":{"start":{"line":25,"column":6},"end":{"line":25,"column":null}},"11":{"start":{"line":29,"column":27},"end":{"line":29,"column":91}},"12":{"start":{"line":29,"column":58},"end":{"line":29,"column":90}},"13":{"start":{"line":32,"column":2},"end":{"line":34,"column":3}},"14":{"start":{"line":33,"column":4},"end":{"line":33,"column":null}},"15":{"start":{"line":37,"column":2},"end":{"line":39,"column":3}},"16":{"start":{"line":38,"column":4},"end":{"line":38,"column":null}},"17":{"start":{"line":42,"column":2},"end":{"line":44,"column":3}},"18":{"start":{"line":43,"column":4},"end":{"line":43,"column":null}},"19":{"start":{"line":47,"column":2},"end":{"line":47,"column":null}}},"fnMap":{"0":{"name":"isFlowComplete","decl":{"start":{"line":4,"column":24},"end":{"line":4,"column":38}},"loc":{"start":{"line":6,"column":1},"end":{"line":48,"column":1}}},"1":{"name":"(anonymous_2)","decl":{"start":{"line":29,"column":45},"end":{"line":29,"column":54}},"loc":{"start":{"line":29,"column":58},"end":{"line":29,"column":90}}}},"branchMap":{"0":{"loc":{"start":{"line":10,"column":2},"end":{"line":12,"column":3}},"type":"if","locations":[{"start":{"line":10,"column":2},"end":{"line":12,"column":3}}]},"1":{"loc":{"start":{"line":16,"column":4},"end":{"line":19,"column":5}},"type":"if","locations":[{"start":{"line":16,"column":4},"end":{"line":19,"column":5}}]},"2":{"loc":{"start":{"line":16,"column":8},"end":{"line":17,"column":70}},"type":"binary-expr","locations":[{"start":{"line":16,"column":9},"end":{"line":16,"column":36}},{"start":{"line":16,"column":40},"end":{"line":16,"column":69}},{"start":{"line":17,"column":9},"end":{"line":17,"column":38}},{"start":{"line":17,"column":42},"end":{"line":17,"column":69}}]},"3":{"loc":{"start":{"line":24,"column":4},"end":{"line":26,"column":5}},"type":"if","locations":[{"start":{"line":24,"column":4},"end":{"line":26,"column":5}}]},"4":{"loc":{"start":{"line":24,"column":8},"end":{"line":24,"column":103}},"type":"binary-expr","locations":[{"start":{"line":24,"column":8},"end":{"line":24,"column":37}},{"start":{"line":24,"column":41},"end":{"line":24,"column":70}},{"start":{"line":24,"column":74},"end":{"line":24,"column":103}}]},"5":{"loc":{"start":{"line":32,"column":2},"end":{"line":34,"column":3}},"type":"if","locations":[{"start":{"line":32,"column":2},"end":{"line":34,"column":3}}]},"6":{"loc":{"start":{"line":37,"column":2},"end":{"line":39,"column":3}},"type":"if","locations":[{"start":{"line":37,"column":2},"end":{"line":39,"column":3}}]},"7":{"loc":{"start":{"line":42,"column":2},"end":{"line":44,"column":3}},"type":"if","locations":[{"start":{"line":42,"column":2},"end":{"line":44,"column":3}}]},"8":{"loc":{"start":{"line":42,"column":6},"end":{"line":42,"column":62}},"type":"binary-expr","locations":[{"start":{"line":42,"column":6},"end":{"line":42,"column":29}},{"start":{"line":42,"column":33},"end":{"line":42,"column":62}}]}},"s":{"0":15,"1":15,"2":10,"3":10,"4":2,"5":8,"6":9,"7":0,"8":8,"9":9,"10":0,"11":8,"12":9,"13":8,"14":0,"15":8,"16":1,"17":7,"18":4,"19":3},"f":{"0":10,"1":9},"b":{"0":[2],"1":[0],"2":[9,4,9,5],"3":[0],"4":[9,5,5],"5":[0],"6":[1],"7":[4],"8":[7,7]}},"/home/david/Sync/mergechoice/src/flowTypes.ts":{"path":"/home/david/Sync/mergechoice/src/flowTypes.ts","statementMap":{"0":{"start":{"line":1,"column":0},"end":{"line":1,"column":23}},"1":{"start":{"line":3,"column":13},"end":{"line":3,"column":null}},"2":{"start":{"line":6,"column":13},"end":{"line":10,"column":null}},"3":{"start":{"line":13,"column":13},"end":{"line":17,"column":null}},"4":{"start":{"line":20,"column":13},"end":{"line":29,"column":null}},"5":{"start":{"line":32,"column":13},"end":{"line":36,"column":null}},"6":{"start":{"line":39,"column":13},"end":{"line":42,"column":null}},"7":{"start":{"line":45,"column":13},"end":{"line":52,"column":null}},"8":{"start":{"line":55,"column":34},"end":{"line":58,"column":2}},"9":{"start":{"line":59,"column":13},"end":{"line":59,"column":null}}},"fnMap":{},"branchMap":{},"s":{"0":15,"1":15,"2":15,"3":15,"4":15,"5":15,"6":15,"7":15,"8":15,"9":15},"f":{},"b":{}}}}
